C:\USERS\DIPANJAN\DOCUMENTS\VISUAL STUDIO 2012\PROJECTS\ANN\ANN\DEBUG\ANN.PCH
C:\USERS\DIPANJAN\DOCUMENTS\VISUAL STUDIO 2012\PROJECTS\ANN\ANN\DEBUG\STDAFX.OBJ
C:\USERS\DIPANJAN\DOCUMENTS\VISUAL STUDIO 2012\PROJECTS\ANN\ANN\DEBUG\VC110.PDB
C:\USERS\DIPANJAN\DOCUMENTS\VISUAL STUDIO 2012\PROJECTS\ANN\ANN\DEBUG\ANN.OBJ
C:\USERS\DIPANJAN\DOCUMENTS\VISUAL STUDIO 2012\PROJECTS\ANN\ANN\DEBUG\PERCEPTRON.OBJ
C:\USERS\DIPANJAN\DOCUMENTS\VISUAL STUDIO 2012\PROJECTS\ANN\ANN\DEBUG\FEATURE.OBJ
C:\USERS\DIPANJAN\DOCUMENTS\VISUAL STUDIO 2012\PROJECTS\ANN\ANN\DEBUG\FEATURESET.OBJ
C:\USERS\DIPANJAN\DOCUMENTS\VISUAL STUDIO 2012\PROJECTS\ANN\ANN\DEBUG\NETWORK.OBJ
C:\USERS\DIPANJAN\DOCUMENTS\VISUAL STUDIO 2012\PROJECTS\ANN\ANN\DEBUG\PERCEPTRONLAYER.OBJ
C:\USERS\DIPANJAN\DOCUMENTS\VISUAL STUDIO 2012\PROJECTS\ANN\ANN\DEBUG\ITERATOR.OBJ
C:\USERS\DIPANJAN\DOCUMENTS\VISUAL STUDIO 2012\PROJECTS\ANN\DEBUG\ANN.ILK
C:\USERS\DIPANJAN\DOCUMENTS\VISUAL STUDIO 2012\PROJECTS\ANN\DEBUG\ANN.EXE
C:\USERS\DIPANJAN\DOCUMENTS\VISUAL STUDIO 2012\PROJECTS\ANN\DEBUG\ANN.PDB
C:\Users\Dipanjan\Documents\Visual Studio 2012\Projects\ann\ann\Debug\ann.obj
C:\Users\Dipanjan\Documents\Visual Studio 2012\Projects\ann\ann\Debug\Feature.obj
C:\Users\Dipanjan\Documents\Visual Studio 2012\Projects\ann\ann\Debug\FeatureSet.obj
C:\Users\Dipanjan\Documents\Visual Studio 2012\Projects\ann\ann\Debug\Iterator.obj
C:\Users\Dipanjan\Documents\Visual Studio 2012\Projects\ann\ann\Debug\network.obj
C:\Users\Dipanjan\Documents\Visual Studio 2012\Projects\ann\ann\Debug\Perceptron.obj
C:\Users\Dipanjan\Documents\Visual Studio 2012\Projects\ann\ann\Debug\PerceptronLayer.obj
C:\Users\Dipanjan\Documents\Visual Studio 2012\Projects\ann\ann\Debug\stdafx.obj
C:\Users\Dipanjan\Documents\Visual Studio 2012\Projects\ann\ann\Debug\cl.command.1.tlog
C:\Users\Dipanjan\Documents\Visual Studio 2012\Projects\ann\ann\Debug\CL.read.1.tlog
C:\Users\Dipanjan\Documents\Visual Studio 2012\Projects\ann\ann\Debug\CL.write.1.tlog
C:\Users\Dipanjan\Documents\Visual Studio 2012\Projects\ann\ann\Debug\link-cvtres.read.1.tlog
C:\Users\Dipanjan\Documents\Visual Studio 2012\Projects\ann\ann\Debug\link-cvtres.write.1.tlog
C:\Users\Dipanjan\Documents\Visual Studio 2012\Projects\ann\ann\Debug\link-rc.read.1.tlog
C:\Users\Dipanjan\Documents\Visual Studio 2012\Projects\ann\ann\Debug\link-rc.write.1.tlog
C:\Users\Dipanjan\Documents\Visual Studio 2012\Projects\ann\ann\Debug\link.1016-cvtres.read.1.tlog
C:\Users\Dipanjan\Documents\Visual Studio 2012\Projects\ann\ann\Debug\link.1016-cvtres.write.1.tlog
C:\Users\Dipanjan\Documents\Visual Studio 2012\Projects\ann\ann\Debug\link.1016-rc.read.1.tlog
C:\Users\Dipanjan\Documents\Visual Studio 2012\Projects\ann\ann\Debug\link.1016-rc.write.1.tlog
C:\Users\Dipanjan\Documents\Visual Studio 2012\Projects\ann\ann\Debug\link.1016.read.1.tlog
C:\Users\Dipanjan\Documents\Visual Studio 2012\Projects\ann\ann\Debug\link.1016.write.1.tlog
C:\Users\Dipanjan\Documents\Visual Studio 2012\Projects\ann\ann\Debug\link.1044-cvtres.read.1.tlog
C:\Users\Dipanjan\Documents\Visual Studio 2012\Projects\ann\ann\Debug\link.1044-cvtres.write.1.tlog
C:\Users\Dipanjan\Documents\Visual Studio 2012\Projects\ann\ann\Debug\link.1044-rc.read.1.tlog
C:\Users\Dipanjan\Documents\Visual Studio 2012\Projects\ann\ann\Debug\link.1044-rc.write.1.tlog
C:\Users\Dipanjan\Documents\Visual Studio 2012\Projects\ann\ann\Debug\link.1044.read.1.tlog
C:\Users\Dipanjan\Documents\Visual Studio 2012\Projects\ann\ann\Debug\link.1044.write.1.tlog
C:\Users\Dipanjan\Documents\Visual Studio 2012\Projects\ann\ann\Debug\link.1048-cvtres.read.1.tlog
C:\Users\Dipanjan\Documents\Visual Studio 2012\Projects\ann\ann\Debug\link.1048-cvtres.write.1.tlog
C:\Users\Dipanjan\Documents\Visual Studio 2012\Projects\ann\ann\Debug\link.1048-rc.read.1.tlog
C:\Users\Dipanjan\Documents\Visual Studio 2012\Projects\ann\ann\Debug\link.1048-rc.write.1.tlog
C:\Users\Dipanjan\Documents\Visual Studio 2012\Projects\ann\ann\Debug\link.1048.read.1.tlog
C:\Users\Dipanjan\Documents\Visual Studio 2012\Projects\ann\ann\Debug\link.1048.write.1.tlog
C:\Users\Dipanjan\Documents\Visual Studio 2012\Projects\ann\ann\Debug\link.1084-cvtres.read.1.tlog
C:\Users\Dipanjan\Documents\Visual Studio 2012\Projects\ann\ann\Debug\link.1084-cvtres.write.1.tlog
C:\Users\Dipanjan\Documents\Visual Studio 2012\Projects\ann\ann\Debug\link.1084-rc.read.1.tlog
C:\Users\Dipanjan\Documents\Visual Studio 2012\Projects\ann\ann\Debug\link.1084-rc.write.1.tlog
C:\Users\Dipanjan\Documents\Visual Studio 2012\Projects\ann\ann\Debug\link.1084.read.1.tlog
C:\Users\Dipanjan\Documents\Visual Studio 2012\Projects\ann\ann\Debug\link.1084.write.1.tlog
C:\Users\Dipanjan\Documents\Visual Studio 2012\Projects\ann\ann\Debug\link.1156-cvtres.read.1.tlog
C:\Users\Dipanjan\Documents\Visual Studio 2012\Projects\ann\ann\Debug\link.1156-cvtres.write.1.tlog
C:\Users\Dipanjan\Documents\Visual Studio 2012\Projects\ann\ann\Debug\link.1156-rc.read.1.tlog
C:\Users\Dipanjan\Documents\Visual Studio 2012\Projects\ann\ann\Debug\link.1156-rc.write.1.tlog
C:\Users\Dipanjan\Documents\Visual Studio 2012\Projects\ann\ann\Debug\link.1156.read.1.tlog
C:\Users\Dipanjan\Documents\Visual Studio 2012\Projects\ann\ann\Debug\link.1156.write.1.tlog
C:\Users\Dipanjan\Documents\Visual Studio 2012\Projects\ann\ann\Debug\link.1312-cvtres.read.1.tlog
C:\Users\Dipanjan\Documents\Visual Studio 2012\Projects\ann\ann\Debug\link.1312-cvtres.write.1.tlog
C:\Users\Dipanjan\Documents\Visual Studio 2012\Projects\ann\ann\Debug\link.1312-rc.read.1.tlog
C:\Users\Dipanjan\Documents\Visual Studio 2012\Projects\ann\ann\Debug\link.1312-rc.write.1.tlog
C:\Users\Dipanjan\Documents\Visual Studio 2012\Projects\ann\ann\Debug\link.1312.read.1.tlog
C:\Users\Dipanjan\Documents\Visual Studio 2012\Projects\ann\ann\Debug\link.1312.write.1.tlog
C:\Users\Dipanjan\Documents\Visual Studio 2012\Projects\ann\ann\Debug\link.1500-cvtres.read.1.tlog
C:\Users\Dipanjan\Documents\Visual Studio 2012\Projects\ann\ann\Debug\link.1500-cvtres.write.1.tlog
C:\Users\Dipanjan\Documents\Visual Studio 2012\Projects\ann\ann\Debug\link.1500-rc.read.1.tlog
C:\Users\Dipanjan\Documents\Visual Studio 2012\Projects\ann\ann\Debug\link.1500-rc.write.1.tlog
C:\Users\Dipanjan\Documents\Visual Studio 2012\Projects\ann\ann\Debug\link.1500.read.1.tlog
C:\Users\Dipanjan\Documents\Visual Studio 2012\Projects\ann\ann\Debug\link.1500.write.1.tlog
C:\Users\Dipanjan\Documents\Visual Studio 2012\Projects\ann\ann\Debug\link.1540-cvtres.read.1.tlog
C:\Users\Dipanjan\Documents\Visual Studio 2012\Projects\ann\ann\Debug\link.1540-cvtres.write.1.tlog
C:\Users\Dipanjan\Documents\Visual Studio 2012\Projects\ann\ann\Debug\link.1540-rc.read.1.tlog
C:\Users\Dipanjan\Documents\Visual Studio 2012\Projects\ann\ann\Debug\link.1540-rc.write.1.tlog
C:\Users\Dipanjan\Documents\Visual Studio 2012\Projects\ann\ann\Debug\link.1540.read.1.tlog
C:\Users\Dipanjan\Documents\Visual Studio 2012\Projects\ann\ann\Debug\link.1540.write.1.tlog
C:\Users\Dipanjan\Documents\Visual Studio 2012\Projects\ann\ann\Debug\link.1648-cvtres.read.1.tlog
C:\Users\Dipanjan\Documents\Visual Studio 2012\Projects\ann\ann\Debug\link.1648-cvtres.write.1.tlog
C:\Users\Dipanjan\Documents\Visual Studio 2012\Projects\ann\ann\Debug\link.1648-rc.read.1.tlog
C:\Users\Dipanjan\Documents\Visual Studio 2012\Projects\ann\ann\Debug\link.1648-rc.write.1.tlog
C:\Users\Dipanjan\Documents\Visual Studio 2012\Projects\ann\ann\Debug\link.1648.read.1.tlog
C:\Users\Dipanjan\Documents\Visual Studio 2012\Projects\ann\ann\Debug\link.1648.write.1.tlog
C:\Users\Dipanjan\Documents\Visual Studio 2012\Projects\ann\ann\Debug\link.1976-cvtres.read.1.tlog
C:\Users\Dipanjan\Documents\Visual Studio 2012\Projects\ann\ann\Debug\link.1976-cvtres.write.1.tlog
C:\Users\Dipanjan\Documents\Visual Studio 2012\Projects\ann\ann\Debug\link.1976-rc.read.1.tlog
C:\Users\Dipanjan\Documents\Visual Studio 2012\Projects\ann\ann\Debug\link.1976-rc.write.1.tlog
C:\Users\Dipanjan\Documents\Visual Studio 2012\Projects\ann\ann\Debug\link.1976.read.1.tlog
C:\Users\Dipanjan\Documents\Visual Studio 2012\Projects\ann\ann\Debug\link.1976.write.1.tlog
C:\Users\Dipanjan\Documents\Visual Studio 2012\Projects\ann\ann\Debug\link.2052-cvtres.read.1.tlog
C:\Users\Dipanjan\Documents\Visual Studio 2012\Projects\ann\ann\Debug\link.2052-cvtres.write.1.tlog
C:\Users\Dipanjan\Documents\Visual Studio 2012\Projects\ann\ann\Debug\link.2052-rc.read.1.tlog
C:\Users\Dipanjan\Documents\Visual Studio 2012\Projects\ann\ann\Debug\link.2052-rc.write.1.tlog
C:\Users\Dipanjan\Documents\Visual Studio 2012\Projects\ann\ann\Debug\link.2052.read.1.tlog
C:\Users\Dipanjan\Documents\Visual Studio 2012\Projects\ann\ann\Debug\link.2052.write.1.tlog
C:\Users\Dipanjan\Documents\Visual Studio 2012\Projects\ann\ann\Debug\link.2120-cvtres.read.1.tlog
C:\Users\Dipanjan\Documents\Visual Studio 2012\Projects\ann\ann\Debug\link.2120-cvtres.write.1.tlog
C:\Users\Dipanjan\Documents\Visual Studio 2012\Projects\ann\ann\Debug\link.2120-rc.read.1.tlog
C:\Users\Dipanjan\Documents\Visual Studio 2012\Projects\ann\ann\Debug\link.2120-rc.write.1.tlog
C:\Users\Dipanjan\Documents\Visual Studio 2012\Projects\ann\ann\Debug\link.2120.read.1.tlog
C:\Users\Dipanjan\Documents\Visual Studio 2012\Projects\ann\ann\Debug\link.2120.write.1.tlog
C:\Users\Dipanjan\Documents\Visual Studio 2012\Projects\ann\ann\Debug\link.2220-cvtres.read.1.tlog
C:\Users\Dipanjan\Documents\Visual Studio 2012\Projects\ann\ann\Debug\link.2220-cvtres.write.1.tlog
C:\Users\Dipanjan\Documents\Visual Studio 2012\Projects\ann\ann\Debug\link.2220-rc.read.1.tlog
C:\Users\Dipanjan\Documents\Visual Studio 2012\Projects\ann\ann\Debug\link.2220-rc.write.1.tlog
C:\Users\Dipanjan\Documents\Visual Studio 2012\Projects\ann\ann\Debug\link.2220.read.1.tlog
C:\Users\Dipanjan\Documents\Visual Studio 2012\Projects\ann\ann\Debug\link.2220.write.1.tlog
C:\Users\Dipanjan\Documents\Visual Studio 2012\Projects\ann\ann\Debug\link.2256-cvtres.read.1.tlog
C:\Users\Dipanjan\Documents\Visual Studio 2012\Projects\ann\ann\Debug\link.2256-cvtres.write.1.tlog
C:\Users\Dipanjan\Documents\Visual Studio 2012\Projects\ann\ann\Debug\link.2256-rc.read.1.tlog
C:\Users\Dipanjan\Documents\Visual Studio 2012\Projects\ann\ann\Debug\link.2256-rc.write.1.tlog
C:\Users\Dipanjan\Documents\Visual Studio 2012\Projects\ann\ann\Debug\link.2256.read.1.tlog
C:\Users\Dipanjan\Documents\Visual Studio 2012\Projects\ann\ann\Debug\link.2256.write.1.tlog
C:\Users\Dipanjan\Documents\Visual Studio 2012\Projects\ann\ann\Debug\link.2532-cvtres.read.1.tlog
C:\Users\Dipanjan\Documents\Visual Studio 2012\Projects\ann\ann\Debug\link.2532-cvtres.write.1.tlog
C:\Users\Dipanjan\Documents\Visual Studio 2012\Projects\ann\ann\Debug\link.2532-rc.read.1.tlog
C:\Users\Dipanjan\Documents\Visual Studio 2012\Projects\ann\ann\Debug\link.2532-rc.write.1.tlog
C:\Users\Dipanjan\Documents\Visual Studio 2012\Projects\ann\ann\Debug\link.2532.read.1.tlog
C:\Users\Dipanjan\Documents\Visual Studio 2012\Projects\ann\ann\Debug\link.2532.write.1.tlog
C:\Users\Dipanjan\Documents\Visual Studio 2012\Projects\ann\ann\Debug\link.2556-cvtres.read.1.tlog
C:\Users\Dipanjan\Documents\Visual Studio 2012\Projects\ann\ann\Debug\link.2556-cvtres.write.1.tlog
C:\Users\Dipanjan\Documents\Visual Studio 2012\Projects\ann\ann\Debug\link.2556-rc.read.1.tlog
C:\Users\Dipanjan\Documents\Visual Studio 2012\Projects\ann\ann\Debug\link.2556-rc.write.1.tlog
C:\Users\Dipanjan\Documents\Visual Studio 2012\Projects\ann\ann\Debug\link.2556.read.1.tlog
C:\Users\Dipanjan\Documents\Visual Studio 2012\Projects\ann\ann\Debug\link.2556.write.1.tlog
C:\Users\Dipanjan\Documents\Visual Studio 2012\Projects\ann\ann\Debug\link.2648-cvtres.read.1.tlog
C:\Users\Dipanjan\Documents\Visual Studio 2012\Projects\ann\ann\Debug\link.2648-cvtres.write.1.tlog
C:\Users\Dipanjan\Documents\Visual Studio 2012\Projects\ann\ann\Debug\link.2648-rc.read.1.tlog
C:\Users\Dipanjan\Documents\Visual Studio 2012\Projects\ann\ann\Debug\link.2648-rc.write.1.tlog
C:\Users\Dipanjan\Documents\Visual Studio 2012\Projects\ann\ann\Debug\link.2648.read.1.tlog
C:\Users\Dipanjan\Documents\Visual Studio 2012\Projects\ann\ann\Debug\link.2648.write.1.tlog
C:\Users\Dipanjan\Documents\Visual Studio 2012\Projects\ann\ann\Debug\link.2684-cvtres.read.1.tlog
C:\Users\Dipanjan\Documents\Visual Studio 2012\Projects\ann\ann\Debug\link.2684-cvtres.write.1.tlog
C:\Users\Dipanjan\Documents\Visual Studio 2012\Projects\ann\ann\Debug\link.2684-rc.read.1.tlog
C:\Users\Dipanjan\Documents\Visual Studio 2012\Projects\ann\ann\Debug\link.2684-rc.write.1.tlog
C:\Users\Dipanjan\Documents\Visual Studio 2012\Projects\ann\ann\Debug\link.2684.read.1.tlog
C:\Users\Dipanjan\Documents\Visual Studio 2012\Projects\ann\ann\Debug\link.2684.write.1.tlog
C:\Users\Dipanjan\Documents\Visual Studio 2012\Projects\ann\ann\Debug\link.2808-cvtres.read.1.tlog
C:\Users\Dipanjan\Documents\Visual Studio 2012\Projects\ann\ann\Debug\link.2808-cvtres.write.1.tlog
C:\Users\Dipanjan\Documents\Visual Studio 2012\Projects\ann\ann\Debug\link.2808-rc.read.1.tlog
C:\Users\Dipanjan\Documents\Visual Studio 2012\Projects\ann\ann\Debug\link.2808-rc.write.1.tlog
C:\Users\Dipanjan\Documents\Visual Studio 2012\Projects\ann\ann\Debug\link.2808.read.1.tlog
C:\Users\Dipanjan\Documents\Visual Studio 2012\Projects\ann\ann\Debug\link.2808.write.1.tlog
C:\Users\Dipanjan\Documents\Visual Studio 2012\Projects\ann\ann\Debug\link.2880-cvtres.read.1.tlog
C:\Users\Dipanjan\Documents\Visual Studio 2012\Projects\ann\ann\Debug\link.2880-cvtres.write.1.tlog
C:\Users\Dipanjan\Documents\Visual Studio 2012\Projects\ann\ann\Debug\link.2880-rc.read.1.tlog
C:\Users\Dipanjan\Documents\Visual Studio 2012\Projects\ann\ann\Debug\link.2880-rc.write.1.tlog
C:\Users\Dipanjan\Documents\Visual Studio 2012\Projects\ann\ann\Debug\link.2880.read.1.tlog
C:\Users\Dipanjan\Documents\Visual Studio 2012\Projects\ann\ann\Debug\link.2880.write.1.tlog
C:\Users\Dipanjan\Documents\Visual Studio 2012\Projects\ann\ann\Debug\link.2928-cvtres.read.1.tlog
C:\Users\Dipanjan\Documents\Visual Studio 2012\Projects\ann\ann\Debug\link.2928-cvtres.write.1.tlog
C:\Users\Dipanjan\Documents\Visual Studio 2012\Projects\ann\ann\Debug\link.2928-rc.read.1.tlog
C:\Users\Dipanjan\Documents\Visual Studio 2012\Projects\ann\ann\Debug\link.2928-rc.write.1.tlog
C:\Users\Dipanjan\Documents\Visual Studio 2012\Projects\ann\ann\Debug\link.2928.read.1.tlog
C:\Users\Dipanjan\Documents\Visual Studio 2012\Projects\ann\ann\Debug\link.2928.write.1.tlog
C:\Users\Dipanjan\Documents\Visual Studio 2012\Projects\ann\ann\Debug\link.3020-cvtres.read.1.tlog
C:\Users\Dipanjan\Documents\Visual Studio 2012\Projects\ann\ann\Debug\link.3020-cvtres.write.1.tlog
C:\Users\Dipanjan\Documents\Visual Studio 2012\Projects\ann\ann\Debug\link.3020-rc.read.1.tlog
C:\Users\Dipanjan\Documents\Visual Studio 2012\Projects\ann\ann\Debug\link.3020-rc.write.1.tlog
C:\Users\Dipanjan\Documents\Visual Studio 2012\Projects\ann\ann\Debug\link.3020.read.1.tlog
C:\Users\Dipanjan\Documents\Visual Studio 2012\Projects\ann\ann\Debug\link.3020.write.1.tlog
C:\Users\Dipanjan\Documents\Visual Studio 2012\Projects\ann\ann\Debug\link.3036-cvtres.read.1.tlog
C:\Users\Dipanjan\Documents\Visual Studio 2012\Projects\ann\ann\Debug\link.3036-cvtres.write.1.tlog
C:\Users\Dipanjan\Documents\Visual Studio 2012\Projects\ann\ann\Debug\link.3036-rc.read.1.tlog
C:\Users\Dipanjan\Documents\Visual Studio 2012\Projects\ann\ann\Debug\link.3036-rc.write.1.tlog
C:\Users\Dipanjan\Documents\Visual Studio 2012\Projects\ann\ann\Debug\link.3036.read.1.tlog
C:\Users\Dipanjan\Documents\Visual Studio 2012\Projects\ann\ann\Debug\link.3036.write.1.tlog
C:\Users\Dipanjan\Documents\Visual Studio 2012\Projects\ann\ann\Debug\link.3196-cvtres.read.1.tlog
C:\Users\Dipanjan\Documents\Visual Studio 2012\Projects\ann\ann\Debug\link.3196-cvtres.write.1.tlog
C:\Users\Dipanjan\Documents\Visual Studio 2012\Projects\ann\ann\Debug\link.3196-rc.read.1.tlog
C:\Users\Dipanjan\Documents\Visual Studio 2012\Projects\ann\ann\Debug\link.3196-rc.write.1.tlog
C:\Users\Dipanjan\Documents\Visual Studio 2012\Projects\ann\ann\Debug\link.3196.read.1.tlog
C:\Users\Dipanjan\Documents\Visual Studio 2012\Projects\ann\ann\Debug\link.3196.write.1.tlog
C:\Users\Dipanjan\Documents\Visual Studio 2012\Projects\ann\ann\Debug\link.3364-cvtres.read.1.tlog
C:\Users\Dipanjan\Documents\Visual Studio 2012\Projects\ann\ann\Debug\link.3364-cvtres.write.1.tlog
C:\Users\Dipanjan\Documents\Visual Studio 2012\Projects\ann\ann\Debug\link.3364-rc.read.1.tlog
C:\Users\Dipanjan\Documents\Visual Studio 2012\Projects\ann\ann\Debug\link.3364-rc.write.1.tlog
C:\Users\Dipanjan\Documents\Visual Studio 2012\Projects\ann\ann\Debug\link.3364.read.1.tlog
C:\Users\Dipanjan\Documents\Visual Studio 2012\Projects\ann\ann\Debug\link.3364.write.1.tlog
C:\Users\Dipanjan\Documents\Visual Studio 2012\Projects\ann\ann\Debug\link.3384-cvtres.read.1.tlog
C:\Users\Dipanjan\Documents\Visual Studio 2012\Projects\ann\ann\Debug\link.3384-cvtres.write.1.tlog
C:\Users\Dipanjan\Documents\Visual Studio 2012\Projects\ann\ann\Debug\link.3384-rc.read.1.tlog
C:\Users\Dipanjan\Documents\Visual Studio 2012\Projects\ann\ann\Debug\link.3384-rc.write.1.tlog
C:\Users\Dipanjan\Documents\Visual Studio 2012\Projects\ann\ann\Debug\link.3384.read.1.tlog
C:\Users\Dipanjan\Documents\Visual Studio 2012\Projects\ann\ann\Debug\link.3384.write.1.tlog
C:\Users\Dipanjan\Documents\Visual Studio 2012\Projects\ann\ann\Debug\link.3448-cvtres.read.1.tlog
C:\Users\Dipanjan\Documents\Visual Studio 2012\Projects\ann\ann\Debug\link.3448-cvtres.write.1.tlog
C:\Users\Dipanjan\Documents\Visual Studio 2012\Projects\ann\ann\Debug\link.3448-rc.read.1.tlog
C:\Users\Dipanjan\Documents\Visual Studio 2012\Projects\ann\ann\Debug\link.3448-rc.write.1.tlog
C:\Users\Dipanjan\Documents\Visual Studio 2012\Projects\ann\ann\Debug\link.3448.read.1.tlog
C:\Users\Dipanjan\Documents\Visual Studio 2012\Projects\ann\ann\Debug\link.3448.write.1.tlog
C:\Users\Dipanjan\Documents\Visual Studio 2012\Projects\ann\ann\Debug\link.3520-cvtres.read.1.tlog
C:\Users\Dipanjan\Documents\Visual Studio 2012\Projects\ann\ann\Debug\link.3520-cvtres.write.1.tlog
C:\Users\Dipanjan\Documents\Visual Studio 2012\Projects\ann\ann\Debug\link.3520-rc.read.1.tlog
C:\Users\Dipanjan\Documents\Visual Studio 2012\Projects\ann\ann\Debug\link.3520-rc.write.1.tlog
C:\Users\Dipanjan\Documents\Visual Studio 2012\Projects\ann\ann\Debug\link.3520.read.1.tlog
C:\Users\Dipanjan\Documents\Visual Studio 2012\Projects\ann\ann\Debug\link.3520.write.1.tlog
C:\Users\Dipanjan\Documents\Visual Studio 2012\Projects\ann\ann\Debug\link.3560-cvtres.read.1.tlog
C:\Users\Dipanjan\Documents\Visual Studio 2012\Projects\ann\ann\Debug\link.3560-cvtres.write.1.tlog
C:\Users\Dipanjan\Documents\Visual Studio 2012\Projects\ann\ann\Debug\link.3560-rc.read.1.tlog
C:\Users\Dipanjan\Documents\Visual Studio 2012\Projects\ann\ann\Debug\link.3560-rc.write.1.tlog
C:\Users\Dipanjan\Documents\Visual Studio 2012\Projects\ann\ann\Debug\link.3560.read.1.tlog
C:\Users\Dipanjan\Documents\Visual Studio 2012\Projects\ann\ann\Debug\link.3560.write.1.tlog
C:\Users\Dipanjan\Documents\Visual Studio 2012\Projects\ann\ann\Debug\link.3588-cvtres.read.1.tlog
C:\Users\Dipanjan\Documents\Visual Studio 2012\Projects\ann\ann\Debug\link.3588-cvtres.write.1.tlog
C:\Users\Dipanjan\Documents\Visual Studio 2012\Projects\ann\ann\Debug\link.3588-rc.read.1.tlog
C:\Users\Dipanjan\Documents\Visual Studio 2012\Projects\ann\ann\Debug\link.3588-rc.write.1.tlog
C:\Users\Dipanjan\Documents\Visual Studio 2012\Projects\ann\ann\Debug\link.3588.read.1.tlog
C:\Users\Dipanjan\Documents\Visual Studio 2012\Projects\ann\ann\Debug\link.3588.write.1.tlog
C:\Users\Dipanjan\Documents\Visual Studio 2012\Projects\ann\ann\Debug\link.3612-cvtres.read.1.tlog
C:\Users\Dipanjan\Documents\Visual Studio 2012\Projects\ann\ann\Debug\link.3612-cvtres.write.1.tlog
C:\Users\Dipanjan\Documents\Visual Studio 2012\Projects\ann\ann\Debug\link.3612-rc.read.1.tlog
C:\Users\Dipanjan\Documents\Visual Studio 2012\Projects\ann\ann\Debug\link.3612-rc.write.1.tlog
C:\Users\Dipanjan\Documents\Visual Studio 2012\Projects\ann\ann\Debug\link.3612.read.1.tlog
C:\Users\Dipanjan\Documents\Visual Studio 2012\Projects\ann\ann\Debug\link.3612.write.1.tlog
C:\Users\Dipanjan\Documents\Visual Studio 2012\Projects\ann\ann\Debug\link.3648-cvtres.read.1.tlog
C:\Users\Dipanjan\Documents\Visual Studio 2012\Projects\ann\ann\Debug\link.3648-cvtres.write.1.tlog
C:\Users\Dipanjan\Documents\Visual Studio 2012\Projects\ann\ann\Debug\link.3648-rc.read.1.tlog
C:\Users\Dipanjan\Documents\Visual Studio 2012\Projects\ann\ann\Debug\link.3648-rc.write.1.tlog
C:\Users\Dipanjan\Documents\Visual Studio 2012\Projects\ann\ann\Debug\link.3648.read.1.tlog
C:\Users\Dipanjan\Documents\Visual Studio 2012\Projects\ann\ann\Debug\link.3648.write.1.tlog
C:\Users\Dipanjan\Documents\Visual Studio 2012\Projects\ann\ann\Debug\link.3776-cvtres.read.1.tlog
C:\Users\Dipanjan\Documents\Visual Studio 2012\Projects\ann\ann\Debug\link.3776-cvtres.write.1.tlog
C:\Users\Dipanjan\Documents\Visual Studio 2012\Projects\ann\ann\Debug\link.3776-rc.read.1.tlog
C:\Users\Dipanjan\Documents\Visual Studio 2012\Projects\ann\ann\Debug\link.3776-rc.write.1.tlog
C:\Users\Dipanjan\Documents\Visual Studio 2012\Projects\ann\ann\Debug\link.3776.read.1.tlog
C:\Users\Dipanjan\Documents\Visual Studio 2012\Projects\ann\ann\Debug\link.3776.write.1.tlog
C:\Users\Dipanjan\Documents\Visual Studio 2012\Projects\ann\ann\Debug\link.3840-cvtres.read.1.tlog
C:\Users\Dipanjan\Documents\Visual Studio 2012\Projects\ann\ann\Debug\link.3840-cvtres.write.1.tlog
C:\Users\Dipanjan\Documents\Visual Studio 2012\Projects\ann\ann\Debug\link.3840-rc.read.1.tlog
C:\Users\Dipanjan\Documents\Visual Studio 2012\Projects\ann\ann\Debug\link.3840-rc.write.1.tlog
C:\Users\Dipanjan\Documents\Visual Studio 2012\Projects\ann\ann\Debug\link.3840.read.1.tlog
C:\Users\Dipanjan\Documents\Visual Studio 2012\Projects\ann\ann\Debug\link.3840.write.1.tlog
C:\Users\Dipanjan\Documents\Visual Studio 2012\Projects\ann\ann\Debug\link.3896-cvtres.read.1.tlog
C:\Users\Dipanjan\Documents\Visual Studio 2012\Projects\ann\ann\Debug\link.3896-cvtres.write.1.tlog
C:\Users\Dipanjan\Documents\Visual Studio 2012\Projects\ann\ann\Debug\link.3896-rc.read.1.tlog
C:\Users\Dipanjan\Documents\Visual Studio 2012\Projects\ann\ann\Debug\link.3896-rc.write.1.tlog
C:\Users\Dipanjan\Documents\Visual Studio 2012\Projects\ann\ann\Debug\link.3896.read.1.tlog
C:\Users\Dipanjan\Documents\Visual Studio 2012\Projects\ann\ann\Debug\link.3896.write.1.tlog
C:\Users\Dipanjan\Documents\Visual Studio 2012\Projects\ann\ann\Debug\link.4056-cvtres.read.1.tlog
C:\Users\Dipanjan\Documents\Visual Studio 2012\Projects\ann\ann\Debug\link.4056-cvtres.write.1.tlog
C:\Users\Dipanjan\Documents\Visual Studio 2012\Projects\ann\ann\Debug\link.4056-rc.read.1.tlog
C:\Users\Dipanjan\Documents\Visual Studio 2012\Projects\ann\ann\Debug\link.4056-rc.write.1.tlog
C:\Users\Dipanjan\Documents\Visual Studio 2012\Projects\ann\ann\Debug\link.4056.read.1.tlog
C:\Users\Dipanjan\Documents\Visual Studio 2012\Projects\ann\ann\Debug\link.4056.write.1.tlog
C:\Users\Dipanjan\Documents\Visual Studio 2012\Projects\ann\ann\Debug\link.4092-cvtres.read.1.tlog
C:\Users\Dipanjan\Documents\Visual Studio 2012\Projects\ann\ann\Debug\link.4092-cvtres.write.1.tlog
C:\Users\Dipanjan\Documents\Visual Studio 2012\Projects\ann\ann\Debug\link.4092-rc.read.1.tlog
C:\Users\Dipanjan\Documents\Visual Studio 2012\Projects\ann\ann\Debug\link.4092-rc.write.1.tlog
C:\Users\Dipanjan\Documents\Visual Studio 2012\Projects\ann\ann\Debug\link.4092.read.1.tlog
C:\Users\Dipanjan\Documents\Visual Studio 2012\Projects\ann\ann\Debug\link.4092.write.1.tlog
C:\Users\Dipanjan\Documents\Visual Studio 2012\Projects\ann\ann\Debug\link.4124-cvtres.read.1.tlog
C:\Users\Dipanjan\Documents\Visual Studio 2012\Projects\ann\ann\Debug\link.4124-cvtres.write.1.tlog
C:\Users\Dipanjan\Documents\Visual Studio 2012\Projects\ann\ann\Debug\link.4124-rc.read.1.tlog
C:\Users\Dipanjan\Documents\Visual Studio 2012\Projects\ann\ann\Debug\link.4124-rc.write.1.tlog
C:\Users\Dipanjan\Documents\Visual Studio 2012\Projects\ann\ann\Debug\link.4124.read.1.tlog
C:\Users\Dipanjan\Documents\Visual Studio 2012\Projects\ann\ann\Debug\link.4124.write.1.tlog
C:\Users\Dipanjan\Documents\Visual Studio 2012\Projects\ann\ann\Debug\link.416-cvtres.read.1.tlog
C:\Users\Dipanjan\Documents\Visual Studio 2012\Projects\ann\ann\Debug\link.416-cvtres.write.1.tlog
C:\Users\Dipanjan\Documents\Visual Studio 2012\Projects\ann\ann\Debug\link.416-rc.read.1.tlog
C:\Users\Dipanjan\Documents\Visual Studio 2012\Projects\ann\ann\Debug\link.416-rc.write.1.tlog
C:\Users\Dipanjan\Documents\Visual Studio 2012\Projects\ann\ann\Debug\link.416.read.1.tlog
C:\Users\Dipanjan\Documents\Visual Studio 2012\Projects\ann\ann\Debug\link.416.write.1.tlog
C:\Users\Dipanjan\Documents\Visual Studio 2012\Projects\ann\ann\Debug\link.4216-cvtres.read.1.tlog
C:\Users\Dipanjan\Documents\Visual Studio 2012\Projects\ann\ann\Debug\link.4216-cvtres.write.1.tlog
C:\Users\Dipanjan\Documents\Visual Studio 2012\Projects\ann\ann\Debug\link.4216-rc.read.1.tlog
C:\Users\Dipanjan\Documents\Visual Studio 2012\Projects\ann\ann\Debug\link.4216-rc.write.1.tlog
C:\Users\Dipanjan\Documents\Visual Studio 2012\Projects\ann\ann\Debug\link.4216.read.1.tlog
C:\Users\Dipanjan\Documents\Visual Studio 2012\Projects\ann\ann\Debug\link.4216.write.1.tlog
C:\Users\Dipanjan\Documents\Visual Studio 2012\Projects\ann\ann\Debug\link.4240-cvtres.read.1.tlog
C:\Users\Dipanjan\Documents\Visual Studio 2012\Projects\ann\ann\Debug\link.4240-cvtres.write.1.tlog
C:\Users\Dipanjan\Documents\Visual Studio 2012\Projects\ann\ann\Debug\link.4240-rc.read.1.tlog
C:\Users\Dipanjan\Documents\Visual Studio 2012\Projects\ann\ann\Debug\link.4240-rc.write.1.tlog
C:\Users\Dipanjan\Documents\Visual Studio 2012\Projects\ann\ann\Debug\link.4240.read.1.tlog
C:\Users\Dipanjan\Documents\Visual Studio 2012\Projects\ann\ann\Debug\link.4240.write.1.tlog
C:\Users\Dipanjan\Documents\Visual Studio 2012\Projects\ann\ann\Debug\link.4364-cvtres.read.1.tlog
C:\Users\Dipanjan\Documents\Visual Studio 2012\Projects\ann\ann\Debug\link.4364-cvtres.write.1.tlog
C:\Users\Dipanjan\Documents\Visual Studio 2012\Projects\ann\ann\Debug\link.4364-rc.read.1.tlog
C:\Users\Dipanjan\Documents\Visual Studio 2012\Projects\ann\ann\Debug\link.4364-rc.write.1.tlog
C:\Users\Dipanjan\Documents\Visual Studio 2012\Projects\ann\ann\Debug\link.4364.read.1.tlog
C:\Users\Dipanjan\Documents\Visual Studio 2012\Projects\ann\ann\Debug\link.4364.write.1.tlog
C:\Users\Dipanjan\Documents\Visual Studio 2012\Projects\ann\ann\Debug\link.4424-cvtres.read.1.tlog
C:\Users\Dipanjan\Documents\Visual Studio 2012\Projects\ann\ann\Debug\link.4424-cvtres.write.1.tlog
C:\Users\Dipanjan\Documents\Visual Studio 2012\Projects\ann\ann\Debug\link.4424-rc.read.1.tlog
C:\Users\Dipanjan\Documents\Visual Studio 2012\Projects\ann\ann\Debug\link.4424-rc.write.1.tlog
C:\Users\Dipanjan\Documents\Visual Studio 2012\Projects\ann\ann\Debug\link.4424.read.1.tlog
C:\Users\Dipanjan\Documents\Visual Studio 2012\Projects\ann\ann\Debug\link.4424.write.1.tlog
C:\Users\Dipanjan\Documents\Visual Studio 2012\Projects\ann\ann\Debug\link.4724-cvtres.read.1.tlog
C:\Users\Dipanjan\Documents\Visual Studio 2012\Projects\ann\ann\Debug\link.4724-cvtres.write.1.tlog
C:\Users\Dipanjan\Documents\Visual Studio 2012\Projects\ann\ann\Debug\link.4724-rc.read.1.tlog
C:\Users\Dipanjan\Documents\Visual Studio 2012\Projects\ann\ann\Debug\link.4724-rc.write.1.tlog
C:\Users\Dipanjan\Documents\Visual Studio 2012\Projects\ann\ann\Debug\link.4724.read.1.tlog
C:\Users\Dipanjan\Documents\Visual Studio 2012\Projects\ann\ann\Debug\link.4724.write.1.tlog
C:\Users\Dipanjan\Documents\Visual Studio 2012\Projects\ann\ann\Debug\link.4908-cvtres.read.1.tlog
C:\Users\Dipanjan\Documents\Visual Studio 2012\Projects\ann\ann\Debug\link.4908-cvtres.write.1.tlog
C:\Users\Dipanjan\Documents\Visual Studio 2012\Projects\ann\ann\Debug\link.4908-rc.read.1.tlog
C:\Users\Dipanjan\Documents\Visual Studio 2012\Projects\ann\ann\Debug\link.4908-rc.write.1.tlog
C:\Users\Dipanjan\Documents\Visual Studio 2012\Projects\ann\ann\Debug\link.4908.read.1.tlog
C:\Users\Dipanjan\Documents\Visual Studio 2012\Projects\ann\ann\Debug\link.4908.write.1.tlog
C:\Users\Dipanjan\Documents\Visual Studio 2012\Projects\ann\ann\Debug\link.5004-cvtres.read.1.tlog
C:\Users\Dipanjan\Documents\Visual Studio 2012\Projects\ann\ann\Debug\link.5004-cvtres.write.1.tlog
C:\Users\Dipanjan\Documents\Visual Studio 2012\Projects\ann\ann\Debug\link.5004-rc.read.1.tlog
C:\Users\Dipanjan\Documents\Visual Studio 2012\Projects\ann\ann\Debug\link.5004-rc.write.1.tlog
C:\Users\Dipanjan\Documents\Visual Studio 2012\Projects\ann\ann\Debug\link.5004.read.1.tlog
C:\Users\Dipanjan\Documents\Visual Studio 2012\Projects\ann\ann\Debug\link.5004.write.1.tlog
C:\Users\Dipanjan\Documents\Visual Studio 2012\Projects\ann\ann\Debug\link.5096-cvtres.read.1.tlog
C:\Users\Dipanjan\Documents\Visual Studio 2012\Projects\ann\ann\Debug\link.5096-cvtres.write.1.tlog
C:\Users\Dipanjan\Documents\Visual Studio 2012\Projects\ann\ann\Debug\link.5096-rc.read.1.tlog
C:\Users\Dipanjan\Documents\Visual Studio 2012\Projects\ann\ann\Debug\link.5096-rc.write.1.tlog
C:\Users\Dipanjan\Documents\Visual Studio 2012\Projects\ann\ann\Debug\link.5096.read.1.tlog
C:\Users\Dipanjan\Documents\Visual Studio 2012\Projects\ann\ann\Debug\link.5096.write.1.tlog
C:\Users\Dipanjan\Documents\Visual Studio 2012\Projects\ann\ann\Debug\link.5248-cvtres.read.1.tlog
C:\Users\Dipanjan\Documents\Visual Studio 2012\Projects\ann\ann\Debug\link.5248-cvtres.write.1.tlog
C:\Users\Dipanjan\Documents\Visual Studio 2012\Projects\ann\ann\Debug\link.5248-rc.read.1.tlog
C:\Users\Dipanjan\Documents\Visual Studio 2012\Projects\ann\ann\Debug\link.5248-rc.write.1.tlog
C:\Users\Dipanjan\Documents\Visual Studio 2012\Projects\ann\ann\Debug\link.5248.read.1.tlog
C:\Users\Dipanjan\Documents\Visual Studio 2012\Projects\ann\ann\Debug\link.5248.write.1.tlog
C:\Users\Dipanjan\Documents\Visual Studio 2012\Projects\ann\ann\Debug\link.5252-cvtres.read.1.tlog
C:\Users\Dipanjan\Documents\Visual Studio 2012\Projects\ann\ann\Debug\link.5252-cvtres.write.1.tlog
C:\Users\Dipanjan\Documents\Visual Studio 2012\Projects\ann\ann\Debug\link.5252-rc.read.1.tlog
C:\Users\Dipanjan\Documents\Visual Studio 2012\Projects\ann\ann\Debug\link.5252-rc.write.1.tlog
C:\Users\Dipanjan\Documents\Visual Studio 2012\Projects\ann\ann\Debug\link.5252.read.1.tlog
C:\Users\Dipanjan\Documents\Visual Studio 2012\Projects\ann\ann\Debug\link.5252.write.1.tlog
C:\Users\Dipanjan\Documents\Visual Studio 2012\Projects\ann\ann\Debug\link.5272-cvtres.read.1.tlog
C:\Users\Dipanjan\Documents\Visual Studio 2012\Projects\ann\ann\Debug\link.5272-cvtres.write.1.tlog
C:\Users\Dipanjan\Documents\Visual Studio 2012\Projects\ann\ann\Debug\link.5272-rc.read.1.tlog
C:\Users\Dipanjan\Documents\Visual Studio 2012\Projects\ann\ann\Debug\link.5272-rc.write.1.tlog
C:\Users\Dipanjan\Documents\Visual Studio 2012\Projects\ann\ann\Debug\link.5272.read.1.tlog
C:\Users\Dipanjan\Documents\Visual Studio 2012\Projects\ann\ann\Debug\link.5272.write.1.tlog
C:\Users\Dipanjan\Documents\Visual Studio 2012\Projects\ann\ann\Debug\link.5332-cvtres.read.1.tlog
C:\Users\Dipanjan\Documents\Visual Studio 2012\Projects\ann\ann\Debug\link.5332-cvtres.write.1.tlog
C:\Users\Dipanjan\Documents\Visual Studio 2012\Projects\ann\ann\Debug\link.5332-rc.read.1.tlog
C:\Users\Dipanjan\Documents\Visual Studio 2012\Projects\ann\ann\Debug\link.5332-rc.write.1.tlog
C:\Users\Dipanjan\Documents\Visual Studio 2012\Projects\ann\ann\Debug\link.5332.read.1.tlog
C:\Users\Dipanjan\Documents\Visual Studio 2012\Projects\ann\ann\Debug\link.5332.write.1.tlog
C:\Users\Dipanjan\Documents\Visual Studio 2012\Projects\ann\ann\Debug\link.5568-cvtres.read.1.tlog
C:\Users\Dipanjan\Documents\Visual Studio 2012\Projects\ann\ann\Debug\link.5568-cvtres.write.1.tlog
C:\Users\Dipanjan\Documents\Visual Studio 2012\Projects\ann\ann\Debug\link.5568-rc.read.1.tlog
C:\Users\Dipanjan\Documents\Visual Studio 2012\Projects\ann\ann\Debug\link.5568-rc.write.1.tlog
C:\Users\Dipanjan\Documents\Visual Studio 2012\Projects\ann\ann\Debug\link.5568.read.1.tlog
C:\Users\Dipanjan\Documents\Visual Studio 2012\Projects\ann\ann\Debug\link.5568.write.1.tlog
C:\Users\Dipanjan\Documents\Visual Studio 2012\Projects\ann\ann\Debug\link.5600-cvtres.read.1.tlog
C:\Users\Dipanjan\Documents\Visual Studio 2012\Projects\ann\ann\Debug\link.5600-cvtres.write.1.tlog
C:\Users\Dipanjan\Documents\Visual Studio 2012\Projects\ann\ann\Debug\link.5600-rc.read.1.tlog
C:\Users\Dipanjan\Documents\Visual Studio 2012\Projects\ann\ann\Debug\link.5600-rc.write.1.tlog
C:\Users\Dipanjan\Documents\Visual Studio 2012\Projects\ann\ann\Debug\link.5600.read.1.tlog
C:\Users\Dipanjan\Documents\Visual Studio 2012\Projects\ann\ann\Debug\link.5600.write.1.tlog
C:\Users\Dipanjan\Documents\Visual Studio 2012\Projects\ann\ann\Debug\link.5848-cvtres.read.1.tlog
C:\Users\Dipanjan\Documents\Visual Studio 2012\Projects\ann\ann\Debug\link.5848-cvtres.write.1.tlog
C:\Users\Dipanjan\Documents\Visual Studio 2012\Projects\ann\ann\Debug\link.5848-rc.read.1.tlog
C:\Users\Dipanjan\Documents\Visual Studio 2012\Projects\ann\ann\Debug\link.5848-rc.write.1.tlog
C:\Users\Dipanjan\Documents\Visual Studio 2012\Projects\ann\ann\Debug\link.5848.read.1.tlog
C:\Users\Dipanjan\Documents\Visual Studio 2012\Projects\ann\ann\Debug\link.5848.write.1.tlog
C:\Users\Dipanjan\Documents\Visual Studio 2012\Projects\ann\ann\Debug\link.5936-cvtres.read.1.tlog
C:\Users\Dipanjan\Documents\Visual Studio 2012\Projects\ann\ann\Debug\link.5936-cvtres.write.1.tlog
C:\Users\Dipanjan\Documents\Visual Studio 2012\Projects\ann\ann\Debug\link.5936-rc.read.1.tlog
C:\Users\Dipanjan\Documents\Visual Studio 2012\Projects\ann\ann\Debug\link.5936-rc.write.1.tlog
C:\Users\Dipanjan\Documents\Visual Studio 2012\Projects\ann\ann\Debug\link.5936.read.1.tlog
C:\Users\Dipanjan\Documents\Visual Studio 2012\Projects\ann\ann\Debug\link.5936.write.1.tlog
C:\Users\Dipanjan\Documents\Visual Studio 2012\Projects\ann\ann\Debug\link.5968-cvtres.read.1.tlog
C:\Users\Dipanjan\Documents\Visual Studio 2012\Projects\ann\ann\Debug\link.5968-cvtres.write.1.tlog
C:\Users\Dipanjan\Documents\Visual Studio 2012\Projects\ann\ann\Debug\link.5968-rc.read.1.tlog
C:\Users\Dipanjan\Documents\Visual Studio 2012\Projects\ann\ann\Debug\link.5968-rc.write.1.tlog
C:\Users\Dipanjan\Documents\Visual Studio 2012\Projects\ann\ann\Debug\link.5968.read.1.tlog
C:\Users\Dipanjan\Documents\Visual Studio 2012\Projects\ann\ann\Debug\link.5968.write.1.tlog
C:\Users\Dipanjan\Documents\Visual Studio 2012\Projects\ann\ann\Debug\link.5980-cvtres.read.1.tlog
C:\Users\Dipanjan\Documents\Visual Studio 2012\Projects\ann\ann\Debug\link.5980-cvtres.write.1.tlog
C:\Users\Dipanjan\Documents\Visual Studio 2012\Projects\ann\ann\Debug\link.5980-rc.read.1.tlog
C:\Users\Dipanjan\Documents\Visual Studio 2012\Projects\ann\ann\Debug\link.5980-rc.write.1.tlog
C:\Users\Dipanjan\Documents\Visual Studio 2012\Projects\ann\ann\Debug\link.5980.read.1.tlog
C:\Users\Dipanjan\Documents\Visual Studio 2012\Projects\ann\ann\Debug\link.5980.write.1.tlog
C:\Users\Dipanjan\Documents\Visual Studio 2012\Projects\ann\ann\Debug\link.6008-cvtres.read.1.tlog
C:\Users\Dipanjan\Documents\Visual Studio 2012\Projects\ann\ann\Debug\link.6008-cvtres.write.1.tlog
C:\Users\Dipanjan\Documents\Visual Studio 2012\Projects\ann\ann\Debug\link.6008-rc.read.1.tlog
C:\Users\Dipanjan\Documents\Visual Studio 2012\Projects\ann\ann\Debug\link.6008-rc.write.1.tlog
C:\Users\Dipanjan\Documents\Visual Studio 2012\Projects\ann\ann\Debug\link.6008.read.1.tlog
C:\Users\Dipanjan\Documents\Visual Studio 2012\Projects\ann\ann\Debug\link.6008.write.1.tlog
C:\Users\Dipanjan\Documents\Visual Studio 2012\Projects\ann\ann\Debug\link.6020-cvtres.read.1.tlog
C:\Users\Dipanjan\Documents\Visual Studio 2012\Projects\ann\ann\Debug\link.6020-cvtres.write.1.tlog
C:\Users\Dipanjan\Documents\Visual Studio 2012\Projects\ann\ann\Debug\link.6020-rc.read.1.tlog
C:\Users\Dipanjan\Documents\Visual Studio 2012\Projects\ann\ann\Debug\link.6020-rc.write.1.tlog
C:\Users\Dipanjan\Documents\Visual Studio 2012\Projects\ann\ann\Debug\link.6020.read.1.tlog
C:\Users\Dipanjan\Documents\Visual Studio 2012\Projects\ann\ann\Debug\link.6020.write.1.tlog
C:\Users\Dipanjan\Documents\Visual Studio 2012\Projects\ann\ann\Debug\link.6060-cvtres.read.1.tlog
C:\Users\Dipanjan\Documents\Visual Studio 2012\Projects\ann\ann\Debug\link.6060-cvtres.write.1.tlog
C:\Users\Dipanjan\Documents\Visual Studio 2012\Projects\ann\ann\Debug\link.6060-rc.read.1.tlog
C:\Users\Dipanjan\Documents\Visual Studio 2012\Projects\ann\ann\Debug\link.6060-rc.write.1.tlog
C:\Users\Dipanjan\Documents\Visual Studio 2012\Projects\ann\ann\Debug\link.6060.read.1.tlog
C:\Users\Dipanjan\Documents\Visual Studio 2012\Projects\ann\ann\Debug\link.6060.write.1.tlog
C:\Users\Dipanjan\Documents\Visual Studio 2012\Projects\ann\ann\Debug\link.6080-cvtres.read.1.tlog
C:\Users\Dipanjan\Documents\Visual Studio 2012\Projects\ann\ann\Debug\link.6080-cvtres.write.1.tlog
C:\Users\Dipanjan\Documents\Visual Studio 2012\Projects\ann\ann\Debug\link.6080-rc.read.1.tlog
C:\Users\Dipanjan\Documents\Visual Studio 2012\Projects\ann\ann\Debug\link.6080-rc.write.1.tlog
C:\Users\Dipanjan\Documents\Visual Studio 2012\Projects\ann\ann\Debug\link.6080.read.1.tlog
C:\Users\Dipanjan\Documents\Visual Studio 2012\Projects\ann\ann\Debug\link.6080.write.1.tlog
C:\Users\Dipanjan\Documents\Visual Studio 2012\Projects\ann\ann\Debug\link.6108-cvtres.read.1.tlog
C:\Users\Dipanjan\Documents\Visual Studio 2012\Projects\ann\ann\Debug\link.6108-cvtres.write.1.tlog
C:\Users\Dipanjan\Documents\Visual Studio 2012\Projects\ann\ann\Debug\link.6108-rc.read.1.tlog
C:\Users\Dipanjan\Documents\Visual Studio 2012\Projects\ann\ann\Debug\link.6108-rc.write.1.tlog
C:\Users\Dipanjan\Documents\Visual Studio 2012\Projects\ann\ann\Debug\link.6108.read.1.tlog
C:\Users\Dipanjan\Documents\Visual Studio 2012\Projects\ann\ann\Debug\link.6108.write.1.tlog
C:\Users\Dipanjan\Documents\Visual Studio 2012\Projects\ann\ann\Debug\link.632-cvtres.read.1.tlog
C:\Users\Dipanjan\Documents\Visual Studio 2012\Projects\ann\ann\Debug\link.632-cvtres.write.1.tlog
C:\Users\Dipanjan\Documents\Visual Studio 2012\Projects\ann\ann\Debug\link.632-rc.read.1.tlog
C:\Users\Dipanjan\Documents\Visual Studio 2012\Projects\ann\ann\Debug\link.632-rc.write.1.tlog
C:\Users\Dipanjan\Documents\Visual Studio 2012\Projects\ann\ann\Debug\link.632.read.1.tlog
C:\Users\Dipanjan\Documents\Visual Studio 2012\Projects\ann\ann\Debug\link.632.write.1.tlog
C:\Users\Dipanjan\Documents\Visual Studio 2012\Projects\ann\ann\Debug\link.636-cvtres.read.1.tlog
C:\Users\Dipanjan\Documents\Visual Studio 2012\Projects\ann\ann\Debug\link.636-cvtres.write.1.tlog
C:\Users\Dipanjan\Documents\Visual Studio 2012\Projects\ann\ann\Debug\link.636-rc.read.1.tlog
C:\Users\Dipanjan\Documents\Visual Studio 2012\Projects\ann\ann\Debug\link.636-rc.write.1.tlog
C:\Users\Dipanjan\Documents\Visual Studio 2012\Projects\ann\ann\Debug\link.636.read.1.tlog
C:\Users\Dipanjan\Documents\Visual Studio 2012\Projects\ann\ann\Debug\link.636.write.1.tlog
C:\Users\Dipanjan\Documents\Visual Studio 2012\Projects\ann\ann\Debug\link.716-cvtres.read.1.tlog
C:\Users\Dipanjan\Documents\Visual Studio 2012\Projects\ann\ann\Debug\link.716-cvtres.write.1.tlog
C:\Users\Dipanjan\Documents\Visual Studio 2012\Projects\ann\ann\Debug\link.716-rc.read.1.tlog
C:\Users\Dipanjan\Documents\Visual Studio 2012\Projects\ann\ann\Debug\link.716-rc.write.1.tlog
C:\Users\Dipanjan\Documents\Visual Studio 2012\Projects\ann\ann\Debug\link.716.read.1.tlog
C:\Users\Dipanjan\Documents\Visual Studio 2012\Projects\ann\ann\Debug\link.716.write.1.tlog
C:\Users\Dipanjan\Documents\Visual Studio 2012\Projects\ann\ann\Debug\link.736-cvtres.read.1.tlog
C:\Users\Dipanjan\Documents\Visual Studio 2012\Projects\ann\ann\Debug\link.736-cvtres.write.1.tlog
C:\Users\Dipanjan\Documents\Visual Studio 2012\Projects\ann\ann\Debug\link.736-rc.read.1.tlog
C:\Users\Dipanjan\Documents\Visual Studio 2012\Projects\ann\ann\Debug\link.736-rc.write.1.tlog
C:\Users\Dipanjan\Documents\Visual Studio 2012\Projects\ann\ann\Debug\link.736.read.1.tlog
C:\Users\Dipanjan\Documents\Visual Studio 2012\Projects\ann\ann\Debug\link.736.write.1.tlog
C:\Users\Dipanjan\Documents\Visual Studio 2012\Projects\ann\ann\Debug\link.956-cvtres.read.1.tlog
C:\Users\Dipanjan\Documents\Visual Studio 2012\Projects\ann\ann\Debug\link.956-cvtres.write.1.tlog
C:\Users\Dipanjan\Documents\Visual Studio 2012\Projects\ann\ann\Debug\link.956-rc.read.1.tlog
C:\Users\Dipanjan\Documents\Visual Studio 2012\Projects\ann\ann\Debug\link.956-rc.write.1.tlog
C:\Users\Dipanjan\Documents\Visual Studio 2012\Projects\ann\ann\Debug\link.956.read.1.tlog
C:\Users\Dipanjan\Documents\Visual Studio 2012\Projects\ann\ann\Debug\link.956.write.1.tlog
C:\Users\Dipanjan\Documents\Visual Studio 2012\Projects\ann\ann\Debug\link.command.1.tlog
C:\Users\Dipanjan\Documents\Visual Studio 2012\Projects\ann\ann\Debug\link.read.1.tlog
C:\Users\Dipanjan\Documents\Visual Studio 2012\Projects\ann\ann\Debug\link.write.1.tlog
C:\Users\Dipanjan\Documents\Visual Studio 2012\Projects\ann\ann\Debug\ann.pch
C:\Users\Dipanjan\Documents\Visual Studio 2012\Projects\ann\ann\Debug\vc110.idb
C:\Users\Dipanjan\Documents\Visual Studio 2012\Projects\ann\ann\Debug\vc110.pdb
C:\Users\Dipanjan\Documents\Visual Studio 2012\Projects\ann\Debug\ann.pdb
C:\Users\Dipanjan\Documents\Visual Studio 2012\Projects\ann\Debug\ann.exe
C:\Users\Dipanjan\Documents\Visual Studio 2012\Projects\ann\Debug\ann.ilk
